# JRE version: OpenJDK Runtime Environment Temurin-21.0.10+7 (21.0.10+7) (build 21.0.10+7-LTS)
# Java VM: OpenJDK 64-Bit Server VM Temurin-21.0.10+7 (21.0.10+7-LTS, mixed mode, sharing, tiered, compressed oops, compressed class ptrs, parallel gc, windows-amd64)
GC Precious Log:
 CardTable entry size: 512
 CPUs: 4 total, 4 available
 Memory: 3460M
 Large Page Support: Disabled
 NUMA Support: Disabled
 Compressed Oops: Enabled (32-bit)
 Alignments: Space 512K, Generation 512K, Heap 2M
 Heap Min Capacity: 100M
 Heap Initial Capacity: 100M
 Heap Max Capacity: 2G
 Pre-touch: Disabled
 Parallel Workers: 4
Heap:
 PSYoungGen      total 8192K, used 2767K [0x00000000d5580000, 0x00000000d6100000, 0x0000000100000000)
  eden space 7680K, 29% used [0x00000000d5580000,0x00000000d57b7ca0,0x00000000d5d00000)
  from space 512K, 96% used [0x00000000d5f00000,0x00000000d5f7c010,0x00000000d5f80000)
  to   space 2048K, 0% used [0x00000000d5d00000,0x00000000d5d00000,0x00000000d5f00000)
 ParOldGen       total 763904K, used 763472K [0x0000000080000000, 0x00000000aea00000, 0x00000000d5580000)
  object space 763904K, 99% used [0x0000000080000000,0x00000000ae994050,0x00000000aea00000)
 Metaspace       used 74271K, committed 75776K, reserved 1179648K
  class space    used 7901K, committed 8448K, reserved 1048576K
GC Heap History (20 events):
Event: 414.893 GC heap before
{Heap before GC invocations=1598 (full 3):
 PSYoungGen      total 8192K, used 7904K [0x00000000d5580000, 0x00000000d5f80000, 0x0000000100000000)
  eden space 7680K, 100% used [0x00000000d5580000,0x00000000d5d00000,0x00000000d5d00000)
  from space 512K, 43% used [0x00000000d5f00000,0x00000000d5f38000,0x00000000d5f80000)
  to   space 512K, 0% used [0x00000000d5d00000,0x00000000d5d00000,0x00000000d5d80000)
 ParOldGen       total 759808K, used 759779K [0x0000000080000000, 0x00000000ae600000, 0x00000000d5580000)
  object space 759808K, 99% used [0x0000000080000000,0x00000000ae5f8fb8,0x00000000ae600000)
 Metaspace       used 74050K, committed 75584K, reserved 1179648K
  class space    used 7864K, committed 8448K, reserved 1048576K
}
Event: 414.895 GC heap after
{Heap after GC invocations=1598 (full 3):
 PSYoungGen      total 8192K, used 160K [0x00000000d5580000, 0x00000000d5f80000, 0x0000000100000000)
  eden space 7680K, 0% used [0x00000000d5580000,0x00000000d5580000,0x00000000d5d00000)
  from space 512K, 31% used [0x00000000d5d00000,0x00000000d5d28000,0x00000000d5d80000)
  to   space 512K, 0% used [0x00000000d5f00000,0x00000000d5f00000,0x00000000d5f80000)
 ParOldGen       total 760320K, used 759851K [0x0000000080000000, 0x00000000ae680000, 0x00000000d5580000)
  object space 760320K, 99% used [0x0000000080000000,0x00000000ae60afb8,0x00000000ae680000)
 Metaspace       used 74050K, committed 75584K, reserved 1179648K
  class space    used 7864K, committed 8448K, reserved 1048576K
}
Event: 414.909 GC heap before
{Heap before GC invocations=1599 (full 3):
 PSYoungGen      total 8192K, used 7840K [0x00000000d5580000, 0x00000000d5f80000, 0x0000000100000000)
  eden space 7680K, 100% used [0x00000000d5580000,0x00000000d5d00000,0x00000000d5d00000)
  from space 512K, 31% used [0x00000000d5d00000,0x00000000d5d28000,0x00000000d5d80000)
  to   space 512K, 0% used [0x00000000d5f00000,0x00000000d5f00000,0x00000000d5f80000)
 ParOldGen       total 760320K, used 759851K [0x0000000080000000, 0x00000000ae680000, 0x00000000d5580000)
  object space 760320K, 99% used [0x0000000080000000,0x00000000ae60afb8,0x00000000ae680000)
 Metaspace       used 74050K, committed 75584K, reserved 1179648K
  class space    used 7864K, committed 8448K, reserved 1048576K
}
Event: 414.912 GC heap after
{Heap after GC invocations=1599 (full 3):
 PSYoungGen      total 8192K, used 128K [0x00000000d5580000, 0x00000000d5f80000, 0x0000000100000000)
  eden space 7680K, 0% used [0x00000000d5580000,0x00000000d5580000,0x00000000d5d00000)
  from space 512K, 25% used [0x00000000d5f00000,0x00000000d5f20000,0x00000000d5f80000)
  to   space 512K, 0% used [0x00000000d5d00000,0x00000000d5d00000,0x00000000d5d80000)
 ParOldGen       total 760320K, used 759915K [0x0000000080000000, 0x00000000ae680000, 0x00000000d5580000)
  object space 760320K, 99% used [0x0000000080000000,0x00000000ae61afb8,0x00000000ae680000)
 Metaspace       used 74050K, committed 75584K, reserved 1179648K
  class space    used 7864K, committed 8448K, reserved 1048576K
}
Event: 415.162 GC heap before
{Heap before GC invocations=1600 (full 3):
 PSYoungGen      total 8192K, used 7808K [0x00000000d5580000, 0x00000000d5f80000, 0x0000000100000000)
  eden space 7680K, 100% used [0x00000000d5580000,0x00000000d5d00000,0x00000000d5d00000)
  from space 512K, 25% used [0x00000000d5f00000,0x00000000d5f20000,0x00000000d5f80000)
  to   space 512K, 0% used [0x00000000d5d00000,0x00000000d5d00000,0x00000000d5d80000)
 ParOldGen       total 760320K, used 759915K [0x0000000080000000, 0x00000000ae680000, 0x00000000d5580000)
  object space 760320K, 99% used [0x0000000080000000,0x00000000ae61afb8,0x00000000ae680000)
 Metaspace       used 74050K, committed 75584K, reserved 1179648K
  class space    used 7864K, committed 8448K, reserved 1048576K
}
Event: 415.198 GC heap after
{Heap after GC invocations=1600 (full 3):
 PSYoungGen      total 8192K, used 160K [0x00000000d5580000, 0x00000000d5f80000, 0x0000000100000000)
  eden space 7680K, 0% used [0x00000000d5580000,0x00000000d5580000,0x00000000d5d00000)
  from space 512K, 31% used [0x00000000d5d00000,0x00000000d5d28000,0x00000000d5d80000)
  to   space 512K, 0% used [0x00000000d5f00000,0x00000000d5f00000,0x00000000d5f80000)
 ParOldGen       total 760320K, used 759971K [0x0000000080000000, 0x00000000ae680000, 0x00000000d5580000)
  object space 760320K, 99% used [0x0000000080000000,0x00000000ae628fb8,0x00000000ae680000)
 Metaspace       used 74050K, committed 75584K, reserved 1179648K
  class space    used 7864K, committed 8448K, reserved 1048576K
}
Event: 415.581 GC heap before
{Heap before GC invocations=1601 (full 3):
 PSYoungGen      total 8192K, used 7840K [0x00000000d5580000, 0x00000000d5f80000, 0x0000000100000000)
  eden space 7680K, 100% used [0x00000000d5580000,0x00000000d5d00000,0x00000000d5d00000)
  from space 512K, 31% used [0x00000000d5d00000,0x00000000d5d28000,0x00000000d5d80000)
  to   space 512K, 0% used [0x00000000d5f00000,0x00000000d5f00000,0x00000000d5f80000)
 ParOldGen       total 760320K, used 759971K [0x0000000080000000, 0x00000000ae680000, 0x00000000d5580000)
  object space 760320K, 99% used [0x0000000080000000,0x00000000ae628fb8,0x00000000ae680000)
 Metaspace       used 74050K, committed 75584K, reserved 1179648K
  class space    used 7864K, committed 8448K, reserved 1048576K
}
Event: 415.647 GC heap after
{Heap after GC invocations=1601 (full 3):
 PSYoungGen      total 8192K, used 128K [0x00000000d5580000, 0x00000000d5f80000, 0x0000000100000000)
  eden space 7680K, 0% used [0x00000000d5580000,0x00000000d5580000,0x00000000d5d00000)
  from space 512K, 25% used [0x00000000d5f00000,0x00000000d5f20000,0x00000000d5f80000)
  to   space 512K, 0% used [0x00000000d5d00000,0x00000000d5d00000,0x00000000d5d80000)
 ParOldGen       total 760320K, used 760061K [0x0000000080000000, 0x00000000ae680000, 0x00000000d5580000)
  object space 760320K, 99% used [0x0000000080000000,0x00000000ae63f480,0x00000000ae680000)
 Metaspace       used 74050K, committed 75584K, reserved 1179648K
  class space    used 7864K, committed 8448K, reserved 1048576K
}
Event: 415.991 GC heap before
{Heap before GC invocations=1602 (full 3):
 PSYoungGen      total 8192K, used 7808K [0x00000000d5580000, 0x00000000d5f80000, 0x0000000100000000)
  eden space 7680K, 100% used [0x00000000d5580000,0x00000000d5d00000,0x00000000d5d00000)
  from space 512K, 25% used [0x00000000d5f00000,0x00000000d5f20000,0x00000000d5f80000)
  to   space 512K, 0% used [0x00000000d5d00000,0x00000000d5d00000,0x00000000d5d80000)
 ParOldGen       total 760320K, used 760061K [0x0000000080000000, 0x00000000ae680000, 0x00000000d5580000)
  object space 760320K, 99% used [0x0000000080000000,0x00000000ae63f480,0x00000000ae680000)
 Metaspace       used 74050K, committed 75584K, reserved 1179648K
  class space    used 7864K, committed 8448K, reserved 1048576K
}
Event: 415.993 GC heap after
{Heap after GC invocations=1602 (full 3):
 PSYoungGen      total 8192K, used 192K [0x00000000d5580000, 0x00000000d5f80000, 0x0000000100000000)
  eden space 7680K, 0% used [0x00000000d5580000,0x00000000d5580000,0x00000000d5d00000)
  from space 512K, 37% used [0x00000000d5d00000,0x00000000d5d30000,0x00000000d5d80000)
  to   space 512K, 0% used [0x00000000d5f00000,0x00000000d5f00000,0x00000000d5f80000)
 ParOldGen       total 760320K, used 760141K [0x0000000080000000, 0x00000000ae680000, 0x00000000d5580000)
  object space 760320K, 99% used [0x0000000080000000,0x00000000ae653480,0x00000000ae680000)
 Metaspace       used 74050K, committed 75584K, reserved 1179648K
  class space    used 7864K, committed 8448K, reserved 1048576K
}
Event: 416.151 GC heap before
{Heap before GC invocations=1603 (full 3):
 PSYoungGen      total 8192K, used 7872K [0x00000000d5580000, 0x00000000d5f80000, 0x0000000100000000)
  eden space 7680K, 100% used [0x00000000d5580000,0x00000000d5d00000,0x00000000d5d00000)
  from space 512K, 37% used [0x00000000d5d00000,0x00000000d5d30000,0x00000000d5d80000)
  to   space 512K, 0% used [0x00000000d5f00000,0x00000000d5f00000,0x00000000d5f80000)
 ParOldGen       total 760320K, used 760141K [0x0000000080000000, 0x00000000ae680000, 0x00000000d5580000)
  object space 760320K, 99% used [0x0000000080000000,0x00000000ae653480,0x00000000ae680000)
 Metaspace       used 74050K, committed 75584K, reserved 1179648K
  class space    used 7864K, committed 8448K, reserved 1048576K
}
Event: 416.156 GC heap after
{Heap after GC invocations=1603 (full 3):
 PSYoungGen      total 8192K, used 160K [0x00000000d5580000, 0x00000000d5f80000, 0x0000000100000000)
  eden space 7680K, 0% used [0x00000000d5580000,0x00000000d5580000,0x00000000d5d00000)
  from space 512K, 31% used [0x00000000d5f00000,0x00000000d5f28000,0x00000000d5f80000)
  to   space 512K, 0% used [0x00000000d5d00000,0x00000000d5d00000,0x00000000d5d80000)
 ParOldGen       total 760320K, used 760173K [0x0000000080000000, 0x00000000ae680000, 0x00000000d5580000)
  object space 760320K, 99% used [0x0000000080000000,0x00000000ae65b480,0x00000000ae680000)
 Metaspace       used 74050K, committed 75584K, reserved 1179648K
  class space    used 7864K, committed 8448K, reserved 1048576K
}
Event: 417.721 GC heap before
{Heap before GC invocations=1604 (full 3):
 PSYoungGen      total 8192K, used 7840K [0x00000000d5580000, 0x00000000d5f80000, 0x0000000100000000)
  eden space 7680K, 100% used [0x00000000d5580000,0x00000000d5d00000,0x00000000d5d00000)
  from space 512K, 31% used [0x00000000d5f00000,0x00000000d5f28000,0x00000000d5f80000)
  to   space 512K, 0% used [0x00000000d5d00000,0x00000000d5d00000,0x00000000d5d80000)
 ParOldGen       total 760320K, used 760173K [0x0000000080000000, 0x00000000ae680000, 0x00000000d5580000)
  object space 760320K, 99% used [0x0000000080000000,0x00000000ae65b480,0x00000000ae680000)
 Metaspace       used 74054K, committed 75584K, reserved 1179648K
  class space    used 7864K, committed 8448K, reserved 1048576K
}
Event: 417.724 GC heap after
{Heap after GC invocations=1604 (full 3):
 PSYoungGen      total 8192K, used 409K [0x00000000d5580000, 0x00000000d5f80000, 0x0000000100000000)
  eden space 7680K, 0% used [0x00000000d5580000,0x00000000d5580000,0x00000000d5d00000)
  from space 512K, 79% used [0x00000000d5d00000,0x00000000d5d665a8,0x00000000d5d80000)
  to   space 512K, 0% used [0x00000000d5f00000,0x00000000d5f00000,0x00000000d5f80000)
 ParOldGen       total 761344K, used 761005K [0x0000000080000000, 0x00000000ae780000, 0x00000000d5580000)
  object space 761344K, 99% used [0x0000000080000000,0x00000000ae72b588,0x00000000ae780000)
 Metaspace       used 74054K, committed 75584K, reserved 1179648K
  class space    used 7864K, committed 8448K, reserved 1048576K
}
Event: 419.737 GC heap before
{Heap before GC invocations=1605 (full 3):
 PSYoungGen      total 8192K, used 8089K [0x00000000d5580000, 0x00000000d5f80000, 0x0000000100000000)
  eden space 7680K, 100% used [0x00000000d5580000,0x00000000d5d00000,0x00000000d5d00000)
  from space 512K, 79% used [0x00000000d5d00000,0x00000000d5d665a8,0x00000000d5d80000)
  to   space 512K, 0% used [0x00000000d5f00000,0x00000000d5f00000,0x00000000d5f80000)
 ParOldGen       total 761344K, used 761005K [0x0000000080000000, 0x00000000ae780000, 0x00000000d5580000)
  object space 761344K, 99% used [0x0000000080000000,0x00000000ae72b588,0x00000000ae780000)
 Metaspace       used 74057K, committed 75584K, reserved 1179648K
  class space    used 7864K, committed 8448K, reserved 1048576K
}
Event: 419.742 GC heap after
{Heap after GC invocations=1605 (full 3):
 PSYoungGen      total 8192K, used 224K [0x00000000d5580000, 0x00000000d5f80000, 0x0000000100000000)
  eden space 7680K, 0% used [0x00000000d5580000,0x00000000d5580000,0x00000000d5d00000)
  from space 512K, 43% used [0x00000000d5f00000,0x00000000d5f38000,0x00000000d5f80000)
  to   space 512K, 0% used [0x00000000d5d00000,0x00000000d5d00000,0x00000000d5d80000)
 ParOldGen       total 762368K, used 762101K [0x0000000080000000, 0x00000000ae880000, 0x00000000d5580000)
  object space 762368K, 99% used [0x0000000080000000,0x00000000ae83d450,0x00000000ae880000)
 Metaspace       used 74057K, committed 75584K, reserved 1179648K
  class space    used 7864K, committed 8448K, reserved 1048576K
}
Event: 420.087 GC heap before
{Heap before GC invocations=1606 (full 3):
 PSYoungGen      total 8192K, used 7904K [0x00000000d5580000, 0x00000000d5f80000, 0x0000000100000000)
  eden space 7680K, 100% used [0x00000000d5580000,0x00000000d5d00000,0x00000000d5d00000)
  from space 512K, 43% used [0x00000000d5f00000,0x00000000d5f38000,0x00000000d5f80000)
  to   space 512K, 0% used [0x00000000d5d00000,0x00000000d5d00000,0x00000000d5d80000)
 ParOldGen       total 762368K, used 762101K [0x0000000080000000, 0x00000000ae880000, 0x00000000d5580000)
  object space 762368K, 99% used [0x0000000080000000,0x00000000ae83d450,0x00000000ae880000)
 Metaspace       used 74057K, committed 75584K, reserved 1179648K
  class space    used 7864K, committed 8448K, reserved 1048576K
}
Event: 420.089 GC heap after
{Heap after GC invocations=1606 (full 3):
 PSYoungGen      total 8192K, used 160K [0x00000000d5580000, 0x00000000d5f80000, 0x0000000100000000)
  eden space 7680K, 0% used [0x00000000d5580000,0x00000000d5580000,0x00000000d5d00000)
  from space 512K, 31% used [0x00000000d5d00000,0x00000000d5d28000,0x00000000d5d80000)
  to   space 512K, 0% used [0x00000000d5f00000,0x00000000d5f00000,0x00000000d5f80000)
 ParOldGen       total 762368K, used 762245K [0x0000000080000000, 0x00000000ae880000, 0x00000000d5580000)
  object space 762368K, 99% used [0x0000000080000000,0x00000000ae861450,0x00000000ae880000)
 Metaspace       used 74057K, committed 75584K, reserved 1179648K
  class space    used 7864K, committed 8448K, reserved 1048576K
}
Event: 425.984 GC heap before
{Heap before GC invocations=1607 (full 3):
 PSYoungGen      total 8192K, used 7809K [0x00000000d5580000, 0x00000000d5f80000, 0x0000000100000000)
  eden space 7680K, 99% used [0x00000000d5580000,0x00000000d5cf8578,0x00000000d5d00000)
  from space 512K, 31% used [0x00000000d5d00000,0x00000000d5d28000,0x00000000d5d80000)
  to   space 512K, 0% used [0x00000000d5f00000,0x00000000d5f00000,0x00000000d5f80000)
 ParOldGen       total 762368K, used 762245K [0x0000000080000000, 0x00000000ae880000, 0x00000000d5580000)
  object space 762368K, 99% used [0x0000000080000000,0x00000000ae861450,0x00000000ae880000)
 Metaspace       used 74229K, committed 75712K, reserved 1179648K
  class space    used 7898K, committed 8448K, reserved 1048576K
}
Event: 425.990 GC heap after
{Heap after GC invocations=1607 (full 3):
 PSYoungGen      total 8192K, used 496K [0x00000000d5580000, 0x00000000d6100000, 0x0000000100000000)
  eden space 7680K, 0% used [0x00000000d5580000,0x00000000d5580000,0x00000000d5d00000)
  from space 512K, 96% used [0x00000000d5f00000,0x00000000d5f7c010,0x00000000d5f80000)
  to   space 2048K, 0% used [0x00000000d5d00000,0x00000000d5d00000,0x00000000d5f00000)
 ParOldGen       total 763904K, used 763472K [0x0000000080000000, 0x00000000aea00000, 0x00000000d5580000)
  object space 763904K, 99% used [0x0000000080000000,0x00000000ae994050,0x00000000aea00000)
 Metaspace       used 74229K, committed 75712K, reserved 1179648K
  class space    used 7898K, committed 8448K, reserved 1048576K
}

